# JRE version: Java(TM) SE Runtime Environment (8.0_60-b27) (build 1.8.0_60-b27)
# Java VM: Java HotSpot(TM) 64-Bit Server VM (25.60-b23 mixed mode windows-amd64 compressed oops)
Heap:
 PSYoungGen      total 133632K, used 65668K [0x00000000d5580000, 0x00000000de480000, 0x0000000100000000)
  eden space 120832K, 54% used [0x00000000d5580000,0x00000000d95a1368,0x00000000dcb80000)
  from space 12800K, 0% used [0x00000000dcb80000,0x00000000dcb80000,0x00000000dd800000)
  to   space 10240K, 0% used [0x00000000dda80000,0x00000000dda80000,0x00000000de480000)
 ParOldGen       total 104960K, used 15358K [0x0000000080000000, 0x0000000086680000, 0x00000000d5580000)
  object space 104960K, 14% used [0x0000000080000000,0x0000000080eff918,0x0000000086680000)
 Metaspace       used 42005K, capacity 42900K, committed 43136K, reserved 1087488K
  class space    used 5769K, capacity 6016K, committed 6016K, reserved 1048576K
GC Heap History (10 events):
Event: 4.099 GC heap before
{Heap before GC invocations=5 (full 1):
 PSYoungGen      total 76288K, used 65536K [0x00000000d5580000, 0x00000000daa80000, 0x0000000100000000)
  eden space 65536K, 100% used [0x00000000d5580000,0x00000000d9580000,0x00000000d9580000)
  from space 10752K, 0% used [0x00000000d9580000,0x00000000d9580000,0x00000000da000000)
  to   space 10752K, 0% used [0x00000000da000000,0x00000000da000000,0x00000000daa80000)
 ParOldGen       total 81408K, used 7797K [0x0000000080000000, 0x0000000084f80000, 0x00000000d5580000)
  object space 81408K, 9% used [0x0000000080000000,0x000000008079d798,0x0000000084f80000)
 Metaspace       used 25940K, capacity 26554K, committed 26624K, reserved 1073152K
  class space    used 3643K, capacity 3809K, committed 3840K, reserved 1048576K
Event: 4.106 GC heap after
Heap after GC invocations=5 (full 1):
 PSYoungGen      total 76288K, used 7645K [0x00000000d5580000, 0x00000000de480000, 0x0000000100000000)
  eden space 65536K, 0% used [0x00000000d5580000,0x00000000d5580000,0x00000000d9580000)
  from space 10752K, 71% used [0x00000000da000000,0x00000000da7775f0,0x00000000daa80000)
  to   space 10752K, 0% used [0x00000000d9580000,0x00000000d9580000,0x00000000da000000)
 ParOldGen       total 81408K, used 7797K [0x0000000080000000, 0x0000000084f80000, 0x00000000d5580000)
  object space 81408K, 9% used [0x0000000080000000,0x000000008079d798,0x0000000084f80000)
 Metaspace       used 25940K, capacity 26554K, committed 26624K, reserved 1073152K
  class space    used 3643K, capacity 3809K, committed 3840K, reserved 1048576K
}
Event: 5.424 GC heap before
{Heap before GC invocations=6 (full 1):
 PSYoungGen      total 76288K, used 73181K [0x00000000d5580000, 0x00000000de480000, 0x0000000100000000)
  eden space 65536K, 100% used [0x00000000d5580000,0x00000000d9580000,0x00000000d9580000)
  from space 10752K, 71% used [0x00000000da000000,0x00000000da7775f0,0x00000000daa80000)
  to   space 10752K, 0% used [0x00000000d9580000,0x00000000d9580000,0x00000000da000000)
 ParOldGen       total 81408K, used 7797K [0x0000000080000000, 0x0000000084f80000, 0x00000000d5580000)
  object space 81408K, 9% used [0x0000000080000000,0x000000008079d798,0x0000000084f80000)
 Metaspace       used 28848K, capacity 29628K, committed 29952K, reserved 1075200K
  class space    used 4022K, capacity 4234K, committed 4352K, reserved 1048576K
Event: 5.434 GC heap after
Heap after GC invocations=6 (full 1):
 PSYoungGen      total 76288K, used 6274K [0x00000000d5580000, 0x00000000de780000, 0x0000000100000000)
  eden space 65536K, 0% used [0x00000000d5580000,0x00000000d5580000,0x00000000d9580000)
  from space 10752K, 58% used [0x00000000d9580000,0x00000000d9ba0a48,0x00000000da000000)
  to   space 13312K, 0% used [0x00000000dda80000,0x00000000dda80000,0x00000000de780000)
 ParOldGen       total 81408K, used 7797K [0x0000000080000000, 0x0000000084f80000, 0x00000000d5580000)
  object space 81408K, 9% used [0x0000000080000000,0x000000008079d798,0x0000000084f80000)
 Metaspace       used 28848K, capacity 29628K, committed 29952K, reserved 1075200K
  class space    used 4022K, capacity 4234K, committed 4352K, reserved 1048576K
}
Event: 6.717 GC heap before
{Heap before GC invocations=7 (full 1):
 PSYoungGen      total 76288K, used 71810K [0x00000000d5580000, 0x00000000de780000, 0x0000000100000000)
  eden space 65536K, 100% used [0x00000000d5580000,0x00000000d9580000,0x00000000d9580000)
  from space 10752K, 58% used [0x00000000d9580000,0x00000000d9ba0a48,0x00000000da000000)
  to   space 13312K, 0% used [0x00000000dda80000,0x00000000dda80000,0x00000000de780000)
 ParOldGen       total 81408K, used 7797K [0x0000000080000000, 0x0000000084f80000, 0x00000000d5580000)
  object space 81408K, 9% used [0x0000000080000000,0x000000008079d798,0x0000000084f80000)
 Metaspace       used 32879K, capacity 33642K, committed 33920K, reserved 1079296K
  class space    used 4534K, capacity 4724K, committed 4736K, reserved 1048576K
Event: 6.725 GC heap after
Heap after GC invocations=7 (full 1):
 PSYoungGen      total 131072K, used 8579K [0x00000000d5580000, 0x00000000de480000, 0x0000000100000000)
  eden space 120832K, 0% used [0x00000000d5580000,0x00000000d5580000,0x00000000dcb80000)
  from space 10240K, 83% used [0x00000000dda80000,0x00000000de2e0ef0,0x00000000de480000)
  to   space 12800K, 0% used [0x00000000dcb80000,0x00000000dcb80000,0x00000000dd800000)
 ParOldGen       total 81408K, used 7805K [0x0000000080000000, 0x0000000084f80000, 0x00000000d5580000)
  object space 81408K, 9% used [0x0000000080000000,0x000000008079f798,0x0000000084f80000)
 Metaspace       used 32879K, capacity 33642K, committed 33920K, reserved 1079296K
  class space    used 4534K, capacity 4724K, committed 4736K, reserved 1048576K
}
Event: 7.038 GC heap before
{Heap before GC invocations=8 (full 1):
 PSYoungGen      total 131072K, used 53052K [0x00000000d5580000, 0x00000000de480000, 0x0000000100000000)
  eden space 120832K, 36% used [0x00000000d5580000,0x00000000d80ee188,0x00000000dcb80000)
  from space 10240K, 83% used [0x00000000dda80000,0x00000000de2e0ef0,0x00000000de480000)
  to   space 12800K, 0% used [0x00000000dcb80000,0x00000000dcb80000,0x00000000dd800000)
 ParOldGen       total 81408K, used 7805K [0x0000000080000000, 0x0000000084f80000, 0x00000000d5580000)
  object space 81408K, 9% used [0x0000000080000000,0x000000008079f798,0x0000000084f80000)
 Metaspace       used 34503K, capacity 35286K, committed 35456K, reserved 1079296K
  class space    used 4754K, capacity 4950K, committed 4992K, reserved 1048576K
Event: 7.048 GC heap after
Heap after GC invocations=8 (full 1):
 PSYoungGen      total 133632K, used 7838K [0x00000000d5580000, 0x00000000de480000, 0x0000000100000000)
  eden space 120832K, 0% used [0x00000000d5580000,0x00000000d5580000,0x00000000dcb80000)
  from space 12800K, 61% used [0x00000000dcb80000,0x00000000dd327ae0,0x00000000dd800000)
  to   space 10240K, 0% used [0x00000000dda80000,0x00000000dda80000,0x00000000de480000)
 ParOldGen       total 81408K, used 7813K [0x0000000080000000, 0x0000000084f80000, 0x00000000d5580000)
  object space 81408K, 9% used [0x0000000080000000,0x00000000807a1798,0x0000000084f80000)
 Metaspace       used 34503K, capacity 35286K, committed 35456K, reserved 1079296K
  class space    used 4754K, capacity 4950K, committed 4992K, reserved 1048576K
}
Event: 7.048 GC heap before
{Heap before GC invocations=9 (full 2):
 PSYoungGen      total 133632K, used 7838K [0x00000000d5580000, 0x00000000de480000, 0x0000000100000000)
  eden space 120832K, 0% used [0x00000000d5580000,0x00000000d5580000,0x00000000dcb80000)
  from space 12800K, 61% used [0x00000000dcb80000,0x00000000dd327ae0,0x00000000dd800000)
  to   space 10240K, 0% used [0x00000000dda80000,0x00000000dda80000,0x00000000de480000)
 ParOldGen       total 81408K, used 7813K [0x0000000080000000, 0x0000000084f80000, 0x00000000d5580000)
  object space 81408K, 9% used [0x0000000080000000,0x00000000807a1798,0x0000000084f80000)
 Metaspace       used 34503K, capacity 35286K, committed 35456K, reserved 1079296K
  class space    used 4754K, capacity 4950K, committed 4992K, reserved 1048576K
Event: 7.161 GC heap after
Heap after GC invocations=9 (full 2):
 PSYoungGen      total 133632K, used 0K [0x00000000d5580000, 0x00000000de480000, 0x0000000100000000)
  eden space 120832K, 0% used [0x00000000d5580000,0x00000000d5580000,0x00000000dcb80000)
  from space 12800K, 0% used [0x00000000dcb80000,0x00000000dcb80000,0x00000000dd800000)
  to   space 10240K, 0% used [0x00000000dda80000,0x00000000dda80000,0x00000000de480000)
 ParOldGen       total 104960K, used 15358K [0x0000000080000000, 0x0000000086680000, 0x00000000d5580000)
  object space 104960K, 14% used [0x0000000080000000,0x0000000080eff918,0x0000000086680000)
 Metaspace       used 34503K, capacity 35286K, committed 35456K, reserved 1079296K
  class space    used 4754K, capacity 4950K, committed 4992K, reserved 1048576K
}

